run_dir=results/latest_run_20260401_140542
device=cuda
model_total_params=2,640,394 (2.64M)
model_trainable_params=2,640,394 (2.64M)
epoch=1 train_loss=1.4113 train_ce_loss=1.3373 train_pcn_energy=0.7406 train_grid_acc=0.50% train_cell_acc=64.62% eval_loss=1.0940 eval_ce_loss=1.0673 eval_pcn_energy=0.2665 eval_grid_acc=0.25% eval_cell_acc=75.70%
epoch=2 train_loss=1.0128 train_ce_loss=0.9861 train_pcn_energy=0.2664 train_grid_acc=0.25% train_cell_acc=76.17% eval_loss=0.9898 eval_ce_loss=0.9598 eval_pcn_energy=0.3000 eval_grid_acc=0.25% eval_cell_acc=77.30%
epoch=3 train_loss=0.9587 train_ce_loss=0.9388 train_pcn_energy=0.1991 train_grid_acc=1.25% train_cell_acc=76.51% eval_loss=0.9637 eval_ce_loss=0.9472 eval_pcn_energy=0.1647 eval_grid_acc=0.25% eval_cell_acc=77.56%
epoch=4 train_loss=0.9402 train_ce_loss=0.9259 train_pcn_energy=0.1431 train_grid_acc=0.75% train_cell_acc=76.47% eval_loss=0.9641 eval_ce_loss=0.9499 eval_pcn_energy=0.1416 eval_grid_acc=0.25% eval_cell_acc=76.83%
epoch=5 train_loss=0.8992 train_ce_loss=0.8863 train_pcn_energy=0.1293 train_grid_acc=1.00% train_cell_acc=77.61% eval_loss=0.9392 eval_ce_loss=0.9260 eval_pcn_energy=0.1318 eval_grid_acc=0.25% eval_cell_acc=77.76%
epoch=6 train_loss=0.8861 train_ce_loss=0.8730 train_pcn_energy=0.1313 train_grid_acc=1.50% train_cell_acc=77.15% eval_loss=0.8995 eval_ce_loss=0.8859 eval_pcn_energy=0.1365 eval_grid_acc=0.25% eval_cell_acc=77.79%
epoch=7 train_loss=0.8386 train_ce_loss=0.8260 train_pcn_energy=0.1256 train_grid_acc=1.25% train_cell_acc=78.18% eval_loss=0.9426 eval_ce_loss=0.9276 eval_pcn_energy=0.1504 eval_grid_acc=0.25% eval_cell_acc=77.19%
epoch=8 train_loss=0.8501 train_ce_loss=0.8352 train_pcn_energy=0.1482 train_grid_acc=1.25% train_cell_acc=77.22% eval_loss=0.9107 eval_ce_loss=0.8979 eval_pcn_energy=0.1279 eval_grid_acc=0.25% eval_cell_acc=77.79%
epoch=9 train_loss=0.8087 train_ce_loss=0.7960 train_pcn_energy=0.1271 train_grid_acc=1.00% train_cell_acc=78.31% eval_loss=0.9141 eval_ce_loss=0.9032 eval_pcn_energy=0.1082 eval_grid_acc=0.25% eval_cell_acc=77.08%
epoch=10 train_loss=0.7857 train_ce_loss=0.7747 train_pcn_energy=0.1099 train_grid_acc=1.00% train_cell_acc=78.34% eval_loss=0.9268 eval_ce_loss=0.9178 eval_pcn_energy=0.0904 eval_grid_acc=0.25% eval_cell_acc=77.55%
epoch=11 train_loss=0.7767 train_ce_loss=0.7666 train_pcn_energy=0.1010 train_grid_acc=1.25% train_cell_acc=78.54% eval_loss=0.8922 eval_ce_loss=0.8823 eval_pcn_energy=0.0990 eval_grid_acc=0.25% eval_cell_acc=77.95%
epoch=12 train_loss=0.7197 train_ce_loss=0.7085 train_pcn_energy=0.1119 train_grid_acc=1.25% train_cell_acc=79.39% eval_loss=0.8913 eval_ce_loss=0.8804 eval_pcn_energy=0.1085 eval_grid_acc=0.25% eval_cell_acc=78.46%
epoch=13 train_loss=0.7245 train_ce_loss=0.7128 train_pcn_energy=0.1170 train_grid_acc=1.25% train_cell_acc=78.85% eval_loss=0.9051 eval_ce_loss=0.8922 eval_pcn_energy=0.1290 eval_grid_acc=0.25% eval_cell_acc=78.35%
epoch=14 train_loss=0.6762 train_ce_loss=0.6652 train_pcn_energy=0.1092 train_grid_acc=0.75% train_cell_acc=80.11% eval_loss=0.9126 eval_ce_loss=0.9029 eval_pcn_energy=0.0971 eval_grid_acc=0.25% eval_cell_acc=78.39%
epoch=15 train_loss=0.6923 train_ce_loss=0.6818 train_pcn_energy=0.1043 train_grid_acc=0.75% train_cell_acc=78.86% eval_loss=1.0338 eval_ce_loss=1.0179 eval_pcn_energy=0.1586 eval_grid_acc=0.25% eval_cell_acc=72.09%
epoch=16 train_loss=0.7055 train_ce_loss=0.6925 train_pcn_energy=0.1292 train_grid_acc=1.00% train_cell_acc=79.57% eval_loss=0.9312 eval_ce_loss=0.9134 eval_pcn_energy=0.1777 eval_grid_acc=0.25% eval_cell_acc=77.38%
epoch=17 train_loss=0.6748 train_ce_loss=0.6636 train_pcn_energy=0.1119 train_grid_acc=1.25% train_cell_acc=79.54% eval_loss=0.9404 eval_ce_loss=0.9283 eval_pcn_energy=0.1210 eval_grid_acc=0.25% eval_cell_acc=78.21%
epoch=18 train_loss=0.6973 train_ce_loss=0.6848 train_pcn_energy=0.1252 train_grid_acc=1.00% train_cell_acc=78.88% eval_loss=0.9551 eval_ce_loss=0.9428 eval_pcn_energy=0.1232 eval_grid_acc=0.25% eval_cell_acc=77.89%
epoch=19 train_loss=0.6657 train_ce_loss=0.6531 train_pcn_energy=0.1260 train_grid_acc=1.75% train_cell_acc=79.94% eval_loss=0.9179 eval_ce_loss=0.9056 eval_pcn_energy=0.1233 eval_grid_acc=0.25% eval_cell_acc=78.50%
epoch=20 train_loss=0.6232 train_ce_loss=0.6128 train_pcn_energy=0.1037 train_grid_acc=1.50% train_cell_acc=80.32% eval_loss=0.9698 eval_ce_loss=0.9566 eval_pcn_energy=0.1323 eval_grid_acc=0.25% eval_cell_acc=77.38%
epoch=21 train_loss=0.6177 train_ce_loss=0.6065 train_pcn_energy=0.1122 train_grid_acc=1.00% train_cell_acc=80.83% eval_loss=0.9324 eval_ce_loss=0.9222 eval_pcn_energy=0.1021 eval_grid_acc=0.25% eval_cell_acc=77.78%
epoch=22 train_loss=0.5953 train_ce_loss=0.5854 train_pcn_energy=0.0994 train_grid_acc=1.75% train_cell_acc=80.95% eval_loss=0.9238 eval_ce_loss=0.9146 eval_pcn_energy=0.0928 eval_grid_acc=0.25% eval_cell_acc=78.21%
epoch=23 train_loss=0.5596 train_ce_loss=0.5508 train_pcn_energy=0.0881 train_grid_acc=2.00% train_cell_acc=81.89% eval_loss=0.9484 eval_ce_loss=0.9398 eval_pcn_energy=0.0869 eval_grid_acc=0.25% eval_cell_acc=77.64%
epoch=24 train_loss=0.5558 train_ce_loss=0.5468 train_pcn_energy=0.0901 train_grid_acc=2.25% train_cell_acc=81.69% eval_loss=0.9887 eval_ce_loss=0.9794 eval_pcn_energy=0.0932 eval_grid_acc=0.25% eval_cell_acc=77.89%
epoch=25 train_loss=0.5642 train_ce_loss=0.5550 train_pcn_energy=0.0914 train_grid_acc=1.75% train_cell_acc=81.12% eval_loss=0.9529 eval_ce_loss=0.9445 eval_pcn_energy=0.0839 eval_grid_acc=0.25% eval_cell_acc=77.74%
epoch=26 train_loss=0.5713 train_ce_loss=0.5606 train_pcn_energy=0.1070 train_grid_acc=1.50% train_cell_acc=81.06% eval_loss=0.9642 eval_ce_loss=0.9524 eval_pcn_energy=0.1177 eval_grid_acc=0.25% eval_cell_acc=76.93%
epoch=27 train_loss=0.5581 train_ce_loss=0.5481 train_pcn_energy=0.1007 train_grid_acc=2.00% train_cell_acc=81.65% eval_loss=0.9881 eval_ce_loss=0.9779 eval_pcn_energy=0.1027 eval_grid_acc=0.25% eval_cell_acc=78.19%
epoch=28 train_loss=0.5263 train_ce_loss=0.5173 train_pcn_energy=0.0908 train_grid_acc=1.50% train_cell_acc=82.49% eval_loss=0.9787 eval_ce_loss=0.9699 eval_pcn_energy=0.0883 eval_grid_acc=0.25% eval_cell_acc=77.59%
epoch=29 train_loss=0.5474 train_ce_loss=0.5379 train_pcn_energy=0.0942 train_grid_acc=1.75% train_cell_acc=81.24% eval_loss=0.9990 eval_ce_loss=0.9896 eval_pcn_energy=0.0940 eval_grid_acc=0.25% eval_cell_acc=76.44%
epoch=30 train_loss=0.5200 train_ce_loss=0.5110 train_pcn_energy=0.0904 train_grid_acc=2.75% train_cell_acc=82.07% eval_loss=0.9960 eval_ce_loss=0.9877 eval_pcn_energy=0.0828 eval_grid_acc=0.25% eval_cell_acc=77.35%
